<?xml version="1.0" encoding="UTF-8"?>
<!-- Generated by org.testng.reporters.JUnitReportReporter -->
<testsuite hostname="DESKTOP-MC2K317" failures="0" tests="1" name="com.lennoxpros.qa.pageTest.loginPageTest" time="39.760" errors="0" timestamp="2021-01-03T20:26:48 IST" skipped="0">
  <testcase classname="com.lennoxpros.qa.pageTest.loginPageTest" name="buildProposal" time="39.760"/>
  <system-out/>
</testsuite> <!-- com.lennoxpros.qa.pageTest.loginPageTest -->
